0 info it worked if it ends with ok
1 verbose cli [ 'node', '/usr/local/bin/npm', 'install' ]
2 info using npm@1.3.21
3 info using node@v0.10.24
4 warn package.json angularjs-seed@ No README data
5 verbose readDependencies using package.json deps
6 verbose install where, deps [ '/Users/emmarose/WebStormProjects/app/src/main/webapp',
6 verbose install   [ 'phantomjs',
6 verbose install     'karma',
6 verbose install     'karma-junit-reporter',
6 verbose install     'karma-jasmine',
6 verbose install     'karma-ng-scenario',
6 verbose install     'karma-chrome-launcher',
6 verbose install     'karma-firefox-launcher',
6 verbose install     'karma-html2js-preprocessor',
6 verbose install     'karma-requirejs',
6 verbose install     'karma-coffee-preprocessor',
6 verbose install     'karma-phantomjs-launcher',
6 verbose install     'karma-script-launcher' ] ]
7 info preinstall angularjs-seed@
8 verbose readDependencies using package.json deps
9 verbose already installed skipping karma-junit-reporter@~0.1 /Users/emmarose/WebStormProjects/app/src/main/webapp
10 verbose already installed skipping karma-jasmine@~0.1.3 /Users/emmarose/WebStormProjects/app/src/main/webapp
11 verbose already installed skipping karma-ng-scenario@~0.1 /Users/emmarose/WebStormProjects/app/src/main/webapp
12 verbose already installed skipping karma-chrome-launcher@~0.1.0 /Users/emmarose/WebStormProjects/app/src/main/webapp
13 verbose already installed skipping karma-firefox-launcher@~0.1.0 /Users/emmarose/WebStormProjects/app/src/main/webapp
14 verbose already installed skipping karma-html2js-preprocessor@~0.1.0 /Users/emmarose/WebStormProjects/app/src/main/webapp
15 verbose already installed skipping karma-requirejs@~0.1.0 /Users/emmarose/WebStormProjects/app/src/main/webapp
16 verbose already installed skipping karma-coffee-preprocessor@~0.1.0 /Users/emmarose/WebStormProjects/app/src/main/webapp
17 verbose already installed skipping karma-phantomjs-launcher@~0.1.0 /Users/emmarose/WebStormProjects/app/src/main/webapp
18 verbose already installed skipping phantomjs@~1.9 /Users/emmarose/WebStormProjects/app/src/main/webapp
19 verbose already installed skipping karma-script-launcher@~0.1.0 /Users/emmarose/WebStormProjects/app/src/main/webapp
20 verbose already installed skipping karma@~0.10.4 /Users/emmarose/WebStormProjects/app/src/main/webapp
21 silly resolved []
22 info build /Users/emmarose/WebStormProjects/app/src/main/webapp
23 verbose linkStuff [ false,
23 verbose linkStuff   false,
23 verbose linkStuff   false,
23 verbose linkStuff   '/Users/emmarose/WebStormProjects/app/src/main' ]
24 info linkStuff angularjs-seed@
25 verbose linkBins angularjs-seed@
26 verbose linkMans angularjs-seed@
27 verbose rebuildBundles angularjs-seed@
28 verbose rebuildBundles [ '.bin',
28 verbose rebuildBundles   'karma',
28 verbose rebuildBundles   'karma-chrome-launcher',
28 verbose rebuildBundles   'karma-coffee-preprocessor',
28 verbose rebuildBundles   'karma-firefox-launcher',
28 verbose rebuildBundles   'karma-html2js-preprocessor',
28 verbose rebuildBundles   'karma-jasmine',
28 verbose rebuildBundles   'karma-junit-reporter',
28 verbose rebuildBundles   'karma-ng-scenario',
28 verbose rebuildBundles   'karma-phantomjs-launcher',
28 verbose rebuildBundles   'karma-requirejs',
28 verbose rebuildBundles   'karma-script-launcher',
28 verbose rebuildBundles   'phantomjs' ]
29 info install angularjs-seed@
30 info postinstall angularjs-seed@
31 info prepublish angularjs-seed@
32 error peerinvalid The package karma-requirejs does not satisfy its siblings' peerDependencies requirements!
32 error peerinvalid Peer karma@0.10.10 wants karma-requirejs@~0.2.0
33 error System Darwin 12.5.0
34 error command "node" "/usr/local/bin/npm" "install"
35 error cwd /Users/emmarose/WebStormProjects/app/src/main/webapp
36 error node -v v0.10.24
37 error npm -v 1.3.21
38 error code EPEERINVALID
39 verbose exit [ 1, true ]
